2023-03-05 19:18:47,450 DEBUG MySpringMVCDispatcherServletInitializer [AbstractContextLoaderInitializer.java:67] No ContextLoaderListener registered, as createRootApplicationContext() did not return an application context
2023-03-05 19:18:47,576 INFO  DispatcherServlet [FrameworkServlet.java:525] Initializing Servlet 'dispatcher'
2023-03-05 19:18:48,947 INFO  Version [Version.java:44] HHH000412: Hibernate ORM core version 5.6.14.Final
2023-03-05 19:18:48,954 INFO  Environment [Environment.java:184] HHH000205: Loaded properties from resource hibernate.properties: {hibernate.connection.username=postgres, hibernate.driver_class=org.postgresql.Driver, hibernate.connection.password=****, hibernate.dialect=org.hibernate.dialect.PostgreSQLDialect, hibernate.show_sql=true, hibernate.connection.url=jdbc:postgresql://localhost:5432/biblio, hibernate.bytecode.use_reflection_optimizer=false, hibernate.current_session_context_class=thread}
2023-03-05 19:18:49,475 INFO  Version [JavaReflectionManager.java:56] HCANN000001: Hibernate Commons Annotations {5.1.2.Final}
2023-03-05 19:18:50,183 INFO  Dialect [Dialect.java:175] HHH000400: Using dialect: org.hibernate.dialect.PostgreSQLDialect
2023-03-05 19:18:51,047 INFO  Version [Version.java:21] HV000001: Hibernate Validator 6.2.0.Final
2023-03-05 19:18:52,547 INFO  JtaPlatformInitiator [JtaPlatformInitiator.java:52] HHH000490: Using JtaPlatform implementation: [org.hibernate.engine.transaction.jta.platform.internal.NoJtaPlatform]
2023-03-05 19:18:53,582 INFO  DispatcherServlet [FrameworkServlet.java:547] Completed initialization in 6005 ms
2023-03-05 19:18:58,905 INFO  PersonDAO [PersonDAO.java:38] getAllPerson
2023-03-05 19:19:02,185 INFO  PersonDAO [PersonDAO.java:46] findPersonById 7
2023-03-05 19:19:02,341 ERROR TemplateEngine [TemplateEngine.java:1141] [THYMELEAF][http-nio-8080-exec-5] Exception processing template "people/show": Exception evaluating SpringEL expression: "books.isEmpty()" (template: "people/show" - line 11, col 6)
org.thymeleaf.exceptions.TemplateProcessingException: Exception evaluating SpringEL expression: "books.isEmpty()" (template: "people/show" - line 11, col 6)
	at org.thymeleaf.spring5.expression.SPELVariableExpressionEvaluator.evaluate(SPELVariableExpressionEvaluator.java:292)
	at org.thymeleaf.standard.expression.VariableExpression.executeVariableExpression(VariableExpression.java:166)
	at org.thymeleaf.standard.expression.SimpleExpression.executeSimple(SimpleExpression.java:66)
	at org.thymeleaf.standard.expression.Expression.execute(Expression.java:109)
	at org.thymeleaf.standard.expression.Expression.execute(Expression.java:138)
	at org.thymeleaf.standard.expression.Expression.execute(Expression.java:125)
	at org.thymeleaf.standard.processor.StandardIfTagProcessor.isVisible(StandardIfTagProcessor.java:59)
	at org.thymeleaf.standard.processor.AbstractStandardConditionalVisibilityTagProcessor.doProcess(AbstractStandardConditionalVisibilityTagProcessor.java:61)
	at org.thymeleaf.processor.element.AbstractAttributeTagProcessor.doProcess(AbstractAttributeTagProcessor.java:74)
	at org.thymeleaf.processor.element.AbstractElementTagProcessor.process(AbstractElementTagProcessor.java:95)
	at org.thymeleaf.util.ProcessorConfigurationUtils$ElementTagProcessorWrapper.process(ProcessorConfigurationUtils.java:633)
	at org.thymeleaf.engine.ProcessorTemplateHandler.handleOpenElement(ProcessorTemplateHandler.java:1314)
	at org.thymeleaf.engine.OpenElementTag.beHandled(OpenElementTag.java:205)
	at org.thymeleaf.engine.TemplateModel.process(TemplateModel.java:136)
	at org.thymeleaf.engine.TemplateManager.parseAndProcess(TemplateManager.java:661)
	at org.thymeleaf.TemplateEngine.process(TemplateEngine.java:1103)
	at org.thymeleaf.TemplateEngine.process(TemplateEngine.java:1077)
	at org.thymeleaf.spring5.view.ThymeleafView.renderFragment(ThymeleafView.java:372)
	at org.thymeleaf.spring5.view.ThymeleafView.render(ThymeleafView.java:192)
	at org.springframework.web.servlet.DispatcherServlet.render(DispatcherServlet.java:1376)
	at org.springframework.web.servlet.DispatcherServlet.processDispatchResult(DispatcherServlet.java:1121)
	at org.springframework.web.servlet.DispatcherServlet.doDispatch(DispatcherServlet.java:1060)
	at org.springframework.web.servlet.DispatcherServlet.doService(DispatcherServlet.java:943)
	at org.springframework.web.servlet.FrameworkServlet.processRequest(FrameworkServlet.java:1006)
	at org.springframework.web.servlet.FrameworkServlet.doGet(FrameworkServlet.java:898)
	at javax.servlet.http.HttpServlet.service(HttpServlet.java:670)
	at org.springframework.web.servlet.FrameworkServlet.service(FrameworkServlet.java:883)
	at javax.servlet.http.HttpServlet.service(HttpServlet.java:779)
	at org.apache.catalina.core.ApplicationFilterChain.internalDoFilter(ApplicationFilterChain.java:227)
	at org.apache.catalina.core.ApplicationFilterChain.doFilter(ApplicationFilterChain.java:162)
	at org.springframework.web.filter.HiddenHttpMethodFilter.doFilterInternal(HiddenHttpMethodFilter.java:94)
	at org.springframework.web.filter.OncePerRequestFilter.doFilter(OncePerRequestFilter.java:119)
	at org.apache.catalina.core.ApplicationFilterChain.internalDoFilter(ApplicationFilterChain.java:189)
	at org.apache.catalina.core.ApplicationFilterChain.doFilter(ApplicationFilterChain.java:162)
	at org.springframework.web.filter.CharacterEncodingFilter.doFilterInternal(CharacterEncodingFilter.java:201)
	at org.springframework.web.filter.OncePerRequestFilter.doFilter(OncePerRequestFilter.java:119)
	at org.apache.catalina.core.ApplicationFilterChain.internalDoFilter(ApplicationFilterChain.java:189)
	at org.apache.catalina.core.ApplicationFilterChain.doFilter(ApplicationFilterChain.java:162)
	at org.apache.tomcat.websocket.server.WsFilter.doFilter(WsFilter.java:53)
	at org.apache.catalina.core.ApplicationFilterChain.internalDoFilter(ApplicationFilterChain.java:189)
	at org.apache.catalina.core.ApplicationFilterChain.doFilter(ApplicationFilterChain.java:162)
	at org.apache.catalina.core.StandardWrapperValve.invoke(StandardWrapperValve.java:177)
	at org.apache.catalina.core.StandardContextValve.invoke(StandardContextValve.java:97)
	at org.apache.catalina.authenticator.AuthenticatorBase.invoke(AuthenticatorBase.java:541)
	at org.apache.catalina.core.StandardHostValve.invoke(StandardHostValve.java:135)
	at org.apache.catalina.valves.ErrorReportValve.invoke(ErrorReportValve.java:92)
	at org.apache.catalina.valves.AbstractAccessLogValve.invoke(AbstractAccessLogValve.java:687)
	at org.apache.catalina.core.StandardEngineValve.invoke(StandardEngineValve.java:78)
	at org.apache.catalina.connector.CoyoteAdapter.service(CoyoteAdapter.java:360)
	at org.apache.coyote.http11.Http11Processor.service(Http11Processor.java:399)
	at org.apache.coyote.AbstractProcessorLight.process(AbstractProcessorLight.java:65)
	at org.apache.coyote.AbstractProtocol$ConnectionHandler.process(AbstractProtocol.java:891)
	at org.apache.tomcat.util.net.NioEndpoint$SocketProcessor.doRun(NioEndpoint.java:1784)
	at org.apache.tomcat.util.net.SocketProcessorBase.run(SocketProcessorBase.java:49)
	at org.apache.tomcat.util.threads.ThreadPoolExecutor.runWorker(ThreadPoolExecutor.java:1191)
	at org.apache.tomcat.util.threads.ThreadPoolExecutor$Worker.run(ThreadPoolExecutor.java:659)
	at org.apache.tomcat.util.threads.TaskThread$WrappingRunnable.run(TaskThread.java:61)
	at java.lang.Thread.run(Thread.java:750)
Caused by: org.hibernate.LazyInitializationException: failed to lazily initialize a collection of role: ru.valkerik.spring.models.Person.books, could not initialize proxy - no Session
	at org.hibernate.collection.internal.AbstractPersistentCollection.throwLazyInitializationException(AbstractPersistentCollection.java:614)
	at org.hibernate.collection.internal.AbstractPersistentCollection.withTemporarySessionIfNeeded(AbstractPersistentCollection.java:218)
	at org.hibernate.collection.internal.AbstractPersistentCollection.readSize(AbstractPersistentCollection.java:162)
	at org.hibernate.collection.internal.PersistentBag.isEmpty(PersistentBag.java:376)
	at sun.reflect.NativeMethodAccessorImpl.invoke0(Native Method)
	at sun.reflect.NativeMethodAccessorImpl.invoke(NativeMethodAccessorImpl.java:62)
	at sun.reflect.DelegatingMethodAccessorImpl.invoke(DelegatingMethodAccessorImpl.java:43)
	at java.lang.reflect.Method.invoke(Method.java:498)
	at org.springframework.expression.spel.support.ReflectiveMethodExecutor.execute(ReflectiveMethodExecutor.java:129)
	at org.springframework.expression.spel.ast.MethodReference.getValueInternal(MethodReference.java:139)
	at org.springframework.expression.spel.ast.MethodReference.access$000(MethodReference.java:55)
	at org.springframework.expression.spel.ast.MethodReference$MethodValueRef.getValue(MethodReference.java:387)
	at org.springframework.expression.spel.ast.CompoundExpression.getValueInternal(CompoundExpression.java:92)
	at org.springframework.expression.spel.ast.SpelNodeImpl.getValue(SpelNodeImpl.java:112)
	at org.springframework.expression.spel.standard.SpelExpression.getValue(SpelExpression.java:337)
	at org.thymeleaf.spring5.expression.SPELVariableExpressionEvaluator.evaluate(SPELVariableExpressionEvaluator.java:265)
	... 57 common frames omitted
2023-03-05 19:19:07,593 INFO  PersonDAO [PersonDAO.java:46] findPersonById 8
2023-03-05 19:19:07,672 ERROR TemplateEngine [TemplateEngine.java:1141] [THYMELEAF][http-nio-8080-exec-6] Exception processing template "people/show": Exception evaluating SpringEL expression: "books.isEmpty()" (template: "people/show" - line 11, col 6)
org.thymeleaf.exceptions.TemplateProcessingException: Exception evaluating SpringEL expression: "books.isEmpty()" (template: "people/show" - line 11, col 6)
	at org.thymeleaf.spring5.expression.SPELVariableExpressionEvaluator.evaluate(SPELVariableExpressionEvaluator.java:292)
	at org.thymeleaf.standard.expression.VariableExpression.executeVariableExpression(VariableExpression.java:166)
	at org.thymeleaf.standard.expression.SimpleExpression.executeSimple(SimpleExpression.java:66)
	at org.thymeleaf.standard.expression.Expression.execute(Expression.java:109)
	at org.thymeleaf.standard.expression.Expression.execute(Expression.java:138)
	at org.thymeleaf.standard.expression.Expression.execute(Expression.java:125)
	at org.thymeleaf.standard.processor.StandardIfTagProcessor.isVisible(StandardIfTagProcessor.java:59)
	at org.thymeleaf.standard.processor.AbstractStandardConditionalVisibilityTagProcessor.doProcess(AbstractStandardConditionalVisibilityTagProcessor.java:61)
	at org.thymeleaf.processor.element.AbstractAttributeTagProcessor.doProcess(AbstractAttributeTagProcessor.java:74)
	at org.thymeleaf.processor.element.AbstractElementTagProcessor.process(AbstractElementTagProcessor.java:95)
	at org.thymeleaf.util.ProcessorConfigurationUtils$ElementTagProcessorWrapper.process(ProcessorConfigurationUtils.java:633)
	at org.thymeleaf.engine.ProcessorTemplateHandler.handleOpenElement(ProcessorTemplateHandler.java:1314)
	at org.thymeleaf.engine.OpenElementTag.beHandled(OpenElementTag.java:205)
	at org.thymeleaf.engine.TemplateModel.process(TemplateModel.java:136)
	at org.thymeleaf.engine.TemplateManager.parseAndProcess(TemplateManager.java:592)
	at org.thymeleaf.TemplateEngine.process(TemplateEngine.java:1103)
	at org.thymeleaf.TemplateEngine.process(TemplateEngine.java:1077)
	at org.thymeleaf.spring5.view.ThymeleafView.renderFragment(ThymeleafView.java:372)
	at org.thymeleaf.spring5.view.ThymeleafView.render(ThymeleafView.java:192)
	at org.springframework.web.servlet.DispatcherServlet.render(DispatcherServlet.java:1376)
	at org.springframework.web.servlet.DispatcherServlet.processDispatchResult(DispatcherServlet.java:1121)
	at org.springframework.web.servlet.DispatcherServlet.doDispatch(DispatcherServlet.java:1060)
	at org.springframework.web.servlet.DispatcherServlet.doService(DispatcherServlet.java:943)
	at org.springframework.web.servlet.FrameworkServlet.processRequest(FrameworkServlet.java:1006)
	at org.springframework.web.servlet.FrameworkServlet.doGet(FrameworkServlet.java:898)
	at javax.servlet.http.HttpServlet.service(HttpServlet.java:670)
	at org.springframework.web.servlet.FrameworkServlet.service(FrameworkServlet.java:883)
	at javax.servlet.http.HttpServlet.service(HttpServlet.java:779)
	at org.apache.catalina.core.ApplicationFilterChain.internalDoFilter(ApplicationFilterChain.java:227)
	at org.apache.catalina.core.ApplicationFilterChain.doFilter(ApplicationFilterChain.java:162)
	at org.springframework.web.filter.HiddenHttpMethodFilter.doFilterInternal(HiddenHttpMethodFilter.java:94)
	at org.springframework.web.filter.OncePerRequestFilter.doFilter(OncePerRequestFilter.java:119)
	at org.apache.catalina.core.ApplicationFilterChain.internalDoFilter(ApplicationFilterChain.java:189)
	at org.apache.catalina.core.ApplicationFilterChain.doFilter(ApplicationFilterChain.java:162)
	at org.springframework.web.filter.CharacterEncodingFilter.doFilterInternal(CharacterEncodingFilter.java:201)
	at org.springframework.web.filter.OncePerRequestFilter.doFilter(OncePerRequestFilter.java:119)
	at org.apache.catalina.core.ApplicationFilterChain.internalDoFilter(ApplicationFilterChain.java:189)
	at org.apache.catalina.core.ApplicationFilterChain.doFilter(ApplicationFilterChain.java:162)
	at org.apache.tomcat.websocket.server.WsFilter.doFilter(WsFilter.java:53)
	at org.apache.catalina.core.ApplicationFilterChain.internalDoFilter(ApplicationFilterChain.java:189)
	at org.apache.catalina.core.ApplicationFilterChain.doFilter(ApplicationFilterChain.java:162)
	at org.apache.catalina.core.StandardWrapperValve.invoke(StandardWrapperValve.java:177)
	at org.apache.catalina.core.StandardContextValve.invoke(StandardContextValve.java:97)
	at org.apache.catalina.authenticator.AuthenticatorBase.invoke(AuthenticatorBase.java:541)
	at org.apache.catalina.core.StandardHostValve.invoke(StandardHostValve.java:135)
	at org.apache.catalina.valves.ErrorReportValve.invoke(ErrorReportValve.java:92)
	at org.apache.catalina.valves.AbstractAccessLogValve.invoke(AbstractAccessLogValve.java:687)
	at org.apache.catalina.core.StandardEngineValve.invoke(StandardEngineValve.java:78)
	at org.apache.catalina.connector.CoyoteAdapter.service(CoyoteAdapter.java:360)
	at org.apache.coyote.http11.Http11Processor.service(Http11Processor.java:399)
	at org.apache.coyote.AbstractProcessorLight.process(AbstractProcessorLight.java:65)
	at org.apache.coyote.AbstractProtocol$ConnectionHandler.process(AbstractProtocol.java:891)
	at org.apache.tomcat.util.net.NioEndpoint$SocketProcessor.doRun(NioEndpoint.java:1784)
	at org.apache.tomcat.util.net.SocketProcessorBase.run(SocketProcessorBase.java:49)
	at org.apache.tomcat.util.threads.ThreadPoolExecutor.runWorker(ThreadPoolExecutor.java:1191)
	at org.apache.tomcat.util.threads.ThreadPoolExecutor$Worker.run(ThreadPoolExecutor.java:659)
	at org.apache.tomcat.util.threads.TaskThread$WrappingRunnable.run(TaskThread.java:61)
	at java.lang.Thread.run(Thread.java:750)
Caused by: org.hibernate.LazyInitializationException: failed to lazily initialize a collection of role: ru.valkerik.spring.models.Person.books, could not initialize proxy - no Session
	at org.hibernate.collection.internal.AbstractPersistentCollection.throwLazyInitializationException(AbstractPersistentCollection.java:614)
	at org.hibernate.collection.internal.AbstractPersistentCollection.withTemporarySessionIfNeeded(AbstractPersistentCollection.java:218)
	at org.hibernate.collection.internal.AbstractPersistentCollection.readSize(AbstractPersistentCollection.java:162)
	at org.hibernate.collection.internal.PersistentBag.isEmpty(PersistentBag.java:376)
	at sun.reflect.NativeMethodAccessorImpl.invoke0(Native Method)
	at sun.reflect.NativeMethodAccessorImpl.invoke(NativeMethodAccessorImpl.java:62)
	at sun.reflect.DelegatingMethodAccessorImpl.invoke(DelegatingMethodAccessorImpl.java:43)
	at java.lang.reflect.Method.invoke(Method.java:498)
	at org.springframework.expression.spel.support.ReflectiveMethodExecutor.execute(ReflectiveMethodExecutor.java:129)
	at org.springframework.expression.spel.ast.MethodReference.getValueInternal(MethodReference.java:112)
	at org.springframework.expression.spel.ast.MethodReference.access$000(MethodReference.java:55)
	at org.springframework.expression.spel.ast.MethodReference$MethodValueRef.getValue(MethodReference.java:387)
	at org.springframework.expression.spel.ast.CompoundExpression.getValueInternal(CompoundExpression.java:92)
	at org.springframework.expression.spel.ast.SpelNodeImpl.getValue(SpelNodeImpl.java:112)
	at org.springframework.expression.spel.standard.SpelExpression.getValue(SpelExpression.java:337)
	at org.thymeleaf.spring5.expression.SPELVariableExpressionEvaluator.evaluate(SPELVariableExpressionEvaluator.java:265)
	... 57 common frames omitted
2023-03-05 19:28:29,566 DEBUG MySpringMVCDispatcherServletInitializer [AbstractContextLoaderInitializer.java:67] No ContextLoaderListener registered, as createRootApplicationContext() did not return an application context
2023-03-05 19:28:29,696 INFO  DispatcherServlet [FrameworkServlet.java:525] Initializing Servlet 'dispatcher'
2023-03-05 19:28:31,101 INFO  Version [Version.java:44] HHH000412: Hibernate ORM core version 5.6.14.Final
2023-03-05 19:28:31,108 INFO  Environment [Environment.java:184] HHH000205: Loaded properties from resource hibernate.properties: {hibernate.connection.username=postgres, hibernate.driver_class=org.postgresql.Driver, hibernate.connection.password=****, hibernate.dialect=org.hibernate.dialect.PostgreSQLDialect, hibernate.show_sql=true, hibernate.connection.url=jdbc:postgresql://localhost:5432/biblio, hibernate.bytecode.use_reflection_optimizer=false, hibernate.current_session_context_class=thread}
2023-03-05 19:28:31,626 INFO  Version [JavaReflectionManager.java:56] HCANN000001: Hibernate Commons Annotations {5.1.2.Final}
2023-03-05 19:28:32,322 INFO  Dialect [Dialect.java:175] HHH000400: Using dialect: org.hibernate.dialect.PostgreSQLDialect
2023-03-05 19:28:33,186 INFO  Version [Version.java:21] HV000001: Hibernate Validator 6.2.0.Final
2023-03-05 19:28:34,672 INFO  JtaPlatformInitiator [JtaPlatformInitiator.java:52] HHH000490: Using JtaPlatform implementation: [org.hibernate.engine.transaction.jta.platform.internal.NoJtaPlatform]
2023-03-05 19:28:35,735 INFO  DispatcherServlet [FrameworkServlet.java:547] Completed initialization in 6037 ms
2023-03-05 19:28:47,471 INFO  PersonDAO [PersonDAO.java:39] getAllPerson
2023-03-05 19:28:50,427 INFO  PersonDAO [PersonDAO.java:47] findPersonById 1
2023-03-05 19:28:50,584 ERROR TemplateEngine [TemplateEngine.java:1141] [THYMELEAF][http-nio-8080-exec-4] Exception processing template "people/show": Exception evaluating SpringEL expression: "books.isEmpty()" (template: "people/show" - line 11, col 6)
org.thymeleaf.exceptions.TemplateProcessingException: Exception evaluating SpringEL expression: "books.isEmpty()" (template: "people/show" - line 11, col 6)
	at org.thymeleaf.spring5.expression.SPELVariableExpressionEvaluator.evaluate(SPELVariableExpressionEvaluator.java:292)
	at org.thymeleaf.standard.expression.VariableExpression.executeVariableExpression(VariableExpression.java:166)
	at org.thymeleaf.standard.expression.SimpleExpression.executeSimple(SimpleExpression.java:66)
	at org.thymeleaf.standard.expression.Expression.execute(Expression.java:109)
	at org.thymeleaf.standard.expression.Expression.execute(Expression.java:138)
	at org.thymeleaf.standard.expression.Expression.execute(Expression.java:125)
	at org.thymeleaf.standard.processor.StandardIfTagProcessor.isVisible(StandardIfTagProcessor.java:59)
	at org.thymeleaf.standard.processor.AbstractStandardConditionalVisibilityTagProcessor.doProcess(AbstractStandardConditionalVisibilityTagProcessor.java:61)
	at org.thymeleaf.processor.element.AbstractAttributeTagProcessor.doProcess(AbstractAttributeTagProcessor.java:74)
	at org.thymeleaf.processor.element.AbstractElementTagProcessor.process(AbstractElementTagProcessor.java:95)
	at org.thymeleaf.util.ProcessorConfigurationUtils$ElementTagProcessorWrapper.process(ProcessorConfigurationUtils.java:633)
	at org.thymeleaf.engine.ProcessorTemplateHandler.handleOpenElement(ProcessorTemplateHandler.java:1314)
	at org.thymeleaf.engine.OpenElementTag.beHandled(OpenElementTag.java:205)
	at org.thymeleaf.engine.TemplateModel.process(TemplateModel.java:136)
	at org.thymeleaf.engine.TemplateManager.parseAndProcess(TemplateManager.java:661)
	at org.thymeleaf.TemplateEngine.process(TemplateEngine.java:1103)
	at org.thymeleaf.TemplateEngine.process(TemplateEngine.java:1077)
	at org.thymeleaf.spring5.view.ThymeleafView.renderFragment(ThymeleafView.java:372)
	at org.thymeleaf.spring5.view.ThymeleafView.render(ThymeleafView.java:192)
	at org.springframework.web.servlet.DispatcherServlet.render(DispatcherServlet.java:1376)
	at org.springframework.web.servlet.DispatcherServlet.processDispatchResult(DispatcherServlet.java:1121)
	at org.springframework.web.servlet.DispatcherServlet.doDispatch(DispatcherServlet.java:1060)
	at org.springframework.web.servlet.DispatcherServlet.doService(DispatcherServlet.java:943)
	at org.springframework.web.servlet.FrameworkServlet.processRequest(FrameworkServlet.java:1006)
	at org.springframework.web.servlet.FrameworkServlet.doGet(FrameworkServlet.java:898)
	at javax.servlet.http.HttpServlet.service(HttpServlet.java:670)
	at org.springframework.web.servlet.FrameworkServlet.service(FrameworkServlet.java:883)
	at javax.servlet.http.HttpServlet.service(HttpServlet.java:779)
	at org.apache.catalina.core.ApplicationFilterChain.internalDoFilter(ApplicationFilterChain.java:227)
	at org.apache.catalina.core.ApplicationFilterChain.doFilter(ApplicationFilterChain.java:162)
	at org.springframework.web.filter.HiddenHttpMethodFilter.doFilterInternal(HiddenHttpMethodFilter.java:94)
	at org.springframework.web.filter.OncePerRequestFilter.doFilter(OncePerRequestFilter.java:119)
	at org.apache.catalina.core.ApplicationFilterChain.internalDoFilter(ApplicationFilterChain.java:189)
	at org.apache.catalina.core.ApplicationFilterChain.doFilter(ApplicationFilterChain.java:162)
	at org.springframework.web.filter.CharacterEncodingFilter.doFilterInternal(CharacterEncodingFilter.java:201)
	at org.springframework.web.filter.OncePerRequestFilter.doFilter(OncePerRequestFilter.java:119)
	at org.apache.catalina.core.ApplicationFilterChain.internalDoFilter(ApplicationFilterChain.java:189)
	at org.apache.catalina.core.ApplicationFilterChain.doFilter(ApplicationFilterChain.java:162)
	at org.apache.tomcat.websocket.server.WsFilter.doFilter(WsFilter.java:53)
	at org.apache.catalina.core.ApplicationFilterChain.internalDoFilter(ApplicationFilterChain.java:189)
	at org.apache.catalina.core.ApplicationFilterChain.doFilter(ApplicationFilterChain.java:162)
	at org.apache.catalina.core.StandardWrapperValve.invoke(StandardWrapperValve.java:177)
	at org.apache.catalina.core.StandardContextValve.invoke(StandardContextValve.java:97)
	at org.apache.catalina.authenticator.AuthenticatorBase.invoke(AuthenticatorBase.java:541)
	at org.apache.catalina.core.StandardHostValve.invoke(StandardHostValve.java:135)
	at org.apache.catalina.valves.ErrorReportValve.invoke(ErrorReportValve.java:92)
	at org.apache.catalina.valves.AbstractAccessLogValve.invoke(AbstractAccessLogValve.java:687)
	at org.apache.catalina.core.StandardEngineValve.invoke(StandardEngineValve.java:78)
	at org.apache.catalina.connector.CoyoteAdapter.service(CoyoteAdapter.java:360)
	at org.apache.coyote.http11.Http11Processor.service(Http11Processor.java:399)
	at org.apache.coyote.AbstractProcessorLight.process(AbstractProcessorLight.java:65)
	at org.apache.coyote.AbstractProtocol$ConnectionHandler.process(AbstractProtocol.java:891)
	at org.apache.tomcat.util.net.NioEndpoint$SocketProcessor.doRun(NioEndpoint.java:1784)
	at org.apache.tomcat.util.net.SocketProcessorBase.run(SocketProcessorBase.java:49)
	at org.apache.tomcat.util.threads.ThreadPoolExecutor.runWorker(ThreadPoolExecutor.java:1191)
	at org.apache.tomcat.util.threads.ThreadPoolExecutor$Worker.run(ThreadPoolExecutor.java:659)
	at org.apache.tomcat.util.threads.TaskThread$WrappingRunnable.run(TaskThread.java:61)
	at java.lang.Thread.run(Thread.java:750)
Caused by: org.hibernate.LazyInitializationException: failed to lazily initialize a collection of role: ru.valkerik.spring.models.Person.books, could not initialize proxy - no Session
	at org.hibernate.collection.internal.AbstractPersistentCollection.throwLazyInitializationException(AbstractPersistentCollection.java:614)
	at org.hibernate.collection.internal.AbstractPersistentCollection.withTemporarySessionIfNeeded(AbstractPersistentCollection.java:218)
	at org.hibernate.collection.internal.AbstractPersistentCollection.readSize(AbstractPersistentCollection.java:162)
	at org.hibernate.collection.internal.PersistentBag.isEmpty(PersistentBag.java:376)
	at sun.reflect.NativeMethodAccessorImpl.invoke0(Native Method)
	at sun.reflect.NativeMethodAccessorImpl.invoke(NativeMethodAccessorImpl.java:62)
	at sun.reflect.DelegatingMethodAccessorImpl.invoke(DelegatingMethodAccessorImpl.java:43)
	at java.lang.reflect.Method.invoke(Method.java:498)
	at org.springframework.expression.spel.support.ReflectiveMethodExecutor.execute(ReflectiveMethodExecutor.java:129)
	at org.springframework.expression.spel.ast.MethodReference.getValueInternal(MethodReference.java:139)
	at org.springframework.expression.spel.ast.MethodReference.access$000(MethodReference.java:55)
	at org.springframework.expression.spel.ast.MethodReference$MethodValueRef.getValue(MethodReference.java:387)
	at org.springframework.expression.spel.ast.CompoundExpression.getValueInternal(CompoundExpression.java:92)
	at org.springframework.expression.spel.ast.SpelNodeImpl.getValue(SpelNodeImpl.java:112)
	at org.springframework.expression.spel.standard.SpelExpression.getValue(SpelExpression.java:337)
	at org.thymeleaf.spring5.expression.SPELVariableExpressionEvaluator.evaluate(SPELVariableExpressionEvaluator.java:265)
	... 57 common frames omitted
2023-03-05 19:29:38,898 INFO  BookDAO [BookDAO.java:34] BookDAO.getAllBook
2023-03-05 19:29:40,444 INFO  BookDAO [BookDAO.java:42] BookDAO.findBookById 1
2023-03-05 19:29:40,451 INFO  BookDAO [BookDAO.java:45] BookDAO.findBookById 2 step returned Book{bookId=1, bookName='Матрица', bookAutor='Neo', bookDate=2003}
2023-03-05 19:29:40,596 INFO  PersonDAO [PersonDAO.java:39] getAllPerson
2023-03-05 19:29:45,537 INFO  BookDAO [BookDAO.java:42] BookDAO.findBookById 1
2023-03-05 19:29:45,542 INFO  BookDAO [BookDAO.java:45] BookDAO.findBookById 2 step returned Book{bookId=1, bookName='Матрица', bookAutor='Neo', bookDate=2003}
2023-03-05 19:29:53,668 INFO  PersonDAO [PersonDAO.java:39] getAllPerson
2023-03-05 19:29:56,161 INFO  PersonDAO [PersonDAO.java:47] findPersonById 1
2023-03-05 19:29:56,241 ERROR TemplateEngine [TemplateEngine.java:1141] [THYMELEAF][http-nio-8080-exec-1] Exception processing template "people/show": Exception evaluating SpringEL expression: "books.isEmpty()" (template: "people/show" - line 11, col 6)
org.thymeleaf.exceptions.TemplateProcessingException: Exception evaluating SpringEL expression: "books.isEmpty()" (template: "people/show" - line 11, col 6)
	at org.thymeleaf.spring5.expression.SPELVariableExpressionEvaluator.evaluate(SPELVariableExpressionEvaluator.java:292)
	at org.thymeleaf.standard.expression.VariableExpression.executeVariableExpression(VariableExpression.java:166)
	at org.thymeleaf.standard.expression.SimpleExpression.executeSimple(SimpleExpression.java:66)
	at org.thymeleaf.standard.expression.Expression.execute(Expression.java:109)
	at org.thymeleaf.standard.expression.Expression.execute(Expression.java:138)
	at org.thymeleaf.standard.expression.Expression.execute(Expression.java:125)
	at org.thymeleaf.standard.processor.StandardIfTagProcessor.isVisible(StandardIfTagProcessor.java:59)
	at org.thymeleaf.standard.processor.AbstractStandardConditionalVisibilityTagProcessor.doProcess(AbstractStandardConditionalVisibilityTagProcessor.java:61)
	at org.thymeleaf.processor.element.AbstractAttributeTagProcessor.doProcess(AbstractAttributeTagProcessor.java:74)
	at org.thymeleaf.processor.element.AbstractElementTagProcessor.process(AbstractElementTagProcessor.java:95)
	at org.thymeleaf.util.ProcessorConfigurationUtils$ElementTagProcessorWrapper.process(ProcessorConfigurationUtils.java:633)
	at org.thymeleaf.engine.ProcessorTemplateHandler.handleOpenElement(ProcessorTemplateHandler.java:1314)
	at org.thymeleaf.engine.OpenElementTag.beHandled(OpenElementTag.java:205)
	at org.thymeleaf.engine.TemplateModel.process(TemplateModel.java:136)
	at org.thymeleaf.engine.TemplateManager.parseAndProcess(TemplateManager.java:592)
	at org.thymeleaf.TemplateEngine.process(TemplateEngine.java:1103)
	at org.thymeleaf.TemplateEngine.process(TemplateEngine.java:1077)
	at org.thymeleaf.spring5.view.ThymeleafView.renderFragment(ThymeleafView.java:372)
	at org.thymeleaf.spring5.view.ThymeleafView.render(ThymeleafView.java:192)
	at org.springframework.web.servlet.DispatcherServlet.render(DispatcherServlet.java:1376)
	at org.springframework.web.servlet.DispatcherServlet.processDispatchResult(DispatcherServlet.java:1121)
	at org.springframework.web.servlet.DispatcherServlet.doDispatch(DispatcherServlet.java:1060)
	at org.springframework.web.servlet.DispatcherServlet.doService(DispatcherServlet.java:943)
	at org.springframework.web.servlet.FrameworkServlet.processRequest(FrameworkServlet.java:1006)
	at org.springframework.web.servlet.FrameworkServlet.doGet(FrameworkServlet.java:898)
	at javax.servlet.http.HttpServlet.service(HttpServlet.java:670)
	at org.springframework.web.servlet.FrameworkServlet.service(FrameworkServlet.java:883)
	at javax.servlet.http.HttpServlet.service(HttpServlet.java:779)
	at org.apache.catalina.core.ApplicationFilterChain.internalDoFilter(ApplicationFilterChain.java:227)
	at org.apache.catalina.core.ApplicationFilterChain.doFilter(ApplicationFilterChain.java:162)
	at org.springframework.web.filter.HiddenHttpMethodFilter.doFilterInternal(HiddenHttpMethodFilter.java:94)
	at org.springframework.web.filter.OncePerRequestFilter.doFilter(OncePerRequestFilter.java:119)
	at org.apache.catalina.core.ApplicationFilterChain.internalDoFilter(ApplicationFilterChain.java:189)
	at org.apache.catalina.core.ApplicationFilterChain.doFilter(ApplicationFilterChain.java:162)
	at org.springframework.web.filter.CharacterEncodingFilter.doFilterInternal(CharacterEncodingFilter.java:201)
	at org.springframework.web.filter.OncePerRequestFilter.doFilter(OncePerRequestFilter.java:119)
	at org.apache.catalina.core.ApplicationFilterChain.internalDoFilter(ApplicationFilterChain.java:189)
	at org.apache.catalina.core.ApplicationFilterChain.doFilter(ApplicationFilterChain.java:162)
	at org.apache.tomcat.websocket.server.WsFilter.doFilter(WsFilter.java:53)
	at org.apache.catalina.core.ApplicationFilterChain.internalDoFilter(ApplicationFilterChain.java:189)
	at org.apache.catalina.core.ApplicationFilterChain.doFilter(ApplicationFilterChain.java:162)
	at org.apache.catalina.core.StandardWrapperValve.invoke(StandardWrapperValve.java:177)
	at org.apache.catalina.core.StandardContextValve.invoke(StandardContextValve.java:97)
	at org.apache.catalina.authenticator.AuthenticatorBase.invoke(AuthenticatorBase.java:541)
	at org.apache.catalina.core.StandardHostValve.invoke(StandardHostValve.java:135)
	at org.apache.catalina.valves.ErrorReportValve.invoke(ErrorReportValve.java:92)
	at org.apache.catalina.valves.AbstractAccessLogValve.invoke(AbstractAccessLogValve.java:687)
	at org.apache.catalina.core.StandardEngineValve.invoke(StandardEngineValve.java:78)
	at org.apache.catalina.connector.CoyoteAdapter.service(CoyoteAdapter.java:360)
	at org.apache.coyote.http11.Http11Processor.service(Http11Processor.java:399)
	at org.apache.coyote.AbstractProcessorLight.process(AbstractProcessorLight.java:65)
	at org.apache.coyote.AbstractProtocol$ConnectionHandler.process(AbstractProtocol.java:891)
	at org.apache.tomcat.util.net.NioEndpoint$SocketProcessor.doRun(NioEndpoint.java:1784)
	at org.apache.tomcat.util.net.SocketProcessorBase.run(SocketProcessorBase.java:49)
	at org.apache.tomcat.util.threads.ThreadPoolExecutor.runWorker(ThreadPoolExecutor.java:1191)
	at org.apache.tomcat.util.threads.ThreadPoolExecutor$Worker.run(ThreadPoolExecutor.java:659)
	at org.apache.tomcat.util.threads.TaskThread$WrappingRunnable.run(TaskThread.java:61)
	at java.lang.Thread.run(Thread.java:750)
Caused by: org.hibernate.LazyInitializationException: failed to lazily initialize a collection of role: ru.valkerik.spring.models.Person.books, could not initialize proxy - no Session
	at org.hibernate.collection.internal.AbstractPersistentCollection.throwLazyInitializationException(AbstractPersistentCollection.java:614)
	at org.hibernate.collection.internal.AbstractPersistentCollection.withTemporarySessionIfNeeded(AbstractPersistentCollection.java:218)
	at org.hibernate.collection.internal.AbstractPersistentCollection.readSize(AbstractPersistentCollection.java:162)
	at org.hibernate.collection.internal.PersistentBag.isEmpty(PersistentBag.java:376)
	at sun.reflect.NativeMethodAccessorImpl.invoke0(Native Method)
	at sun.reflect.NativeMethodAccessorImpl.invoke(NativeMethodAccessorImpl.java:62)
	at sun.reflect.DelegatingMethodAccessorImpl.invoke(DelegatingMethodAccessorImpl.java:43)
	at java.lang.reflect.Method.invoke(Method.java:498)
	at org.springframework.expression.spel.support.ReflectiveMethodExecutor.execute(ReflectiveMethodExecutor.java:129)
	at org.springframework.expression.spel.ast.MethodReference.getValueInternal(MethodReference.java:112)
	at org.springframework.expression.spel.ast.MethodReference.access$000(MethodReference.java:55)
	at org.springframework.expression.spel.ast.MethodReference$MethodValueRef.getValue(MethodReference.java:387)
	at org.springframework.expression.spel.ast.CompoundExpression.getValueInternal(CompoundExpression.java:92)
	at org.springframework.expression.spel.ast.SpelNodeImpl.getValue(SpelNodeImpl.java:112)
	at org.springframework.expression.spel.standard.SpelExpression.getValue(SpelExpression.java:337)
	at org.thymeleaf.spring5.expression.SPELVariableExpressionEvaluator.evaluate(SPELVariableExpressionEvaluator.java:265)
	... 57 common frames omitted
2023-03-05 19:32:36,519 DEBUG MySpringMVCDispatcherServletInitializer [AbstractContextLoaderInitializer.java:67] No ContextLoaderListener registered, as createRootApplicationContext() did not return an application context
2023-03-05 19:32:36,644 INFO  DispatcherServlet [FrameworkServlet.java:525] Initializing Servlet 'dispatcher'
2023-03-05 19:32:38,014 INFO  Version [Version.java:44] HHH000412: Hibernate ORM core version 5.6.14.Final
2023-03-05 19:32:38,021 INFO  Environment [Environment.java:184] HHH000205: Loaded properties from resource hibernate.properties: {hibernate.connection.username=postgres, hibernate.driver_class=org.postgresql.Driver, hibernate.connection.password=****, hibernate.dialect=org.hibernate.dialect.PostgreSQLDialect, hibernate.show_sql=true, hibernate.connection.url=jdbc:postgresql://localhost:5432/biblio, hibernate.bytecode.use_reflection_optimizer=false, hibernate.current_session_context_class=thread}
2023-03-05 19:32:38,534 INFO  Version [JavaReflectionManager.java:56] HCANN000001: Hibernate Commons Annotations {5.1.2.Final}
2023-03-05 19:32:39,223 INFO  Dialect [Dialect.java:175] HHH000400: Using dialect: org.hibernate.dialect.PostgreSQLDialect
2023-03-05 19:32:40,088 INFO  Version [Version.java:21] HV000001: Hibernate Validator 6.2.0.Final
2023-03-05 19:32:41,560 INFO  JtaPlatformInitiator [JtaPlatformInitiator.java:52] HHH000490: Using JtaPlatform implementation: [org.hibernate.engine.transaction.jta.platform.internal.NoJtaPlatform]
2023-03-05 19:32:42,577 INFO  DispatcherServlet [FrameworkServlet.java:547] Completed initialization in 5930 ms
2023-03-05 19:32:47,312 INFO  PersonDAO [PersonDAO.java:39] getAllPerson
2023-03-05 19:32:50,072 INFO  PersonDAO [PersonDAO.java:47] findPersonById 1
2023-03-05 19:33:01,549 INFO  PersonDAO [PersonDAO.java:47] findPersonById 7
2023-03-05 19:33:07,787 INFO  PersonDAO [PersonDAO.java:47] findPersonById 7
2023-03-05 19:33:20,686 INFO  PersonDAO [PersonDAO.java:61] update Person{userId=7, name='Berewer Redactor Urrevich', date=2003}
2023-03-05 19:33:20,821 INFO  PersonDAO [PersonDAO.java:39] getAllPerson
2023-03-05 19:33:43,409 INFO  PersonDAO [PersonDAO.java:39] getAllPerson
2023-03-05 19:33:47,767 INFO  BookDAO [BookDAO.java:34] BookDAO.getAllBook
2023-03-05 19:33:49,600 INFO  BookDAO [BookDAO.java:42] BookDAO.findBookById 3
2023-03-05 19:33:49,605 INFO  BookDAO [BookDAO.java:45] BookDAO.findBookById 2 step returned Book{bookId=3, bookName='Книга о вкусной и здоровой пище', bookAutor='Люди', bookDate=1980}
2023-03-05 19:33:49,748 INFO  PersonDAO [PersonDAO.java:39] getAllPerson
2023-03-05 19:33:55,681 INFO  BookDAO [BookDAO.java:42] BookDAO.findBookById 3
2023-03-05 19:33:55,686 INFO  BookDAO [BookDAO.java:45] BookDAO.findBookById 2 step returned Book{bookId=3, bookName='Книга о вкусной и здоровой пище', bookAutor='Люди', bookDate=1980}
2023-03-05 19:34:03,672 INFO  BookDAO [BookDAO.java:34] BookDAO.getAllBook
2023-03-05 19:34:05,703 INFO  BookDAO [BookDAO.java:42] BookDAO.findBookById 2
2023-03-05 19:34:05,708 INFO  BookDAO [BookDAO.java:45] BookDAO.findBookById 2 step returned Book{bookId=2, bookName='Самоучитель повара', bookAutor='Повар-Гуру', bookDate=2000}
2023-03-05 19:34:05,849 INFO  PersonDAO [PersonDAO.java:39] getAllPerson
2023-03-05 19:34:14,711 INFO  BookDAO [BookDAO.java:34] BookDAO.getAllBook
2023-03-05 19:34:23,432 INFO  BookDAO [BookDAO.java:34] BookDAO.getAllBook
2023-03-05 19:34:51,578 INFO  BookDAO [BookDAO.java:51] BookDAO.save Book{bookId=0, bookName='Программирование для чайников', bookAutor='Шилдт', bookDate=2021}
2023-03-05 19:34:51,612 INFO  BookController [BookController.java:64] create step 4 Book{bookId=4, bookName='Программирование для чайников', bookAutor='Шилдт', bookDate=2021}
2023-03-05 19:34:51,812 INFO  BookDAO [BookDAO.java:34] BookDAO.getAllBook
2023-03-05 19:42:22,724 DEBUG MySpringMVCDispatcherServletInitializer [AbstractContextLoaderInitializer.java:67] No ContextLoaderListener registered, as createRootApplicationContext() did not return an application context
2023-03-05 19:42:22,845 INFO  DispatcherServlet [FrameworkServlet.java:525] Initializing Servlet 'dispatcher'
2023-03-05 19:42:24,216 INFO  Version [Version.java:44] HHH000412: Hibernate ORM core version 5.6.14.Final
2023-03-05 19:42:24,223 INFO  Environment [Environment.java:184] HHH000205: Loaded properties from resource hibernate.properties: {hibernate.connection.username=postgres, hibernate.driver_class=org.postgresql.Driver, hibernate.connection.password=****, hibernate.dialect=org.hibernate.dialect.PostgreSQLDialect, hibernate.show_sql=true, hibernate.connection.url=jdbc:postgresql://localhost:5432/biblio, hibernate.bytecode.use_reflection_optimizer=false, hibernate.current_session_context_class=thread}
2023-03-05 19:42:24,743 INFO  Version [JavaReflectionManager.java:56] HCANN000001: Hibernate Commons Annotations {5.1.2.Final}
2023-03-05 19:42:25,447 INFO  Dialect [Dialect.java:175] HHH000400: Using dialect: org.hibernate.dialect.PostgreSQLDialect
2023-03-05 19:42:26,304 INFO  Version [Version.java:21] HV000001: Hibernate Validator 6.2.0.Final
2023-03-05 19:42:27,813 INFO  JtaPlatformInitiator [JtaPlatformInitiator.java:52] HHH000490: Using JtaPlatform implementation: [org.hibernate.engine.transaction.jta.platform.internal.NoJtaPlatform]
2023-03-05 19:42:28,842 INFO  DispatcherServlet [FrameworkServlet.java:547] Completed initialization in 5995 ms
2023-03-05 19:42:34,004 INFO  PersonDAO [PersonDAO.java:39] getAllPerson
2023-03-05 19:42:36,609 INFO  PersonDAO [PersonDAO.java:47] findPersonById 1
2023-03-05 19:42:36,765 ERROR TemplateEngine [TemplateEngine.java:1141] [THYMELEAF][http-nio-8080-exec-6] Exception processing template "people/show": Exception evaluating SpringEL expression: "books.isEmpty()" (template: "people/show" - line 11, col 6)
org.thymeleaf.exceptions.TemplateProcessingException: Exception evaluating SpringEL expression: "books.isEmpty()" (template: "people/show" - line 11, col 6)
	at org.thymeleaf.spring5.expression.SPELVariableExpressionEvaluator.evaluate(SPELVariableExpressionEvaluator.java:292)
	at org.thymeleaf.standard.expression.VariableExpression.executeVariableExpression(VariableExpression.java:166)
	at org.thymeleaf.standard.expression.SimpleExpression.executeSimple(SimpleExpression.java:66)
	at org.thymeleaf.standard.expression.Expression.execute(Expression.java:109)
	at org.thymeleaf.standard.expression.Expression.execute(Expression.java:138)
	at org.thymeleaf.standard.expression.Expression.execute(Expression.java:125)
	at org.thymeleaf.standard.processor.StandardIfTagProcessor.isVisible(StandardIfTagProcessor.java:59)
	at org.thymeleaf.standard.processor.AbstractStandardConditionalVisibilityTagProcessor.doProcess(AbstractStandardConditionalVisibilityTagProcessor.java:61)
	at org.thymeleaf.processor.element.AbstractAttributeTagProcessor.doProcess(AbstractAttributeTagProcessor.java:74)
	at org.thymeleaf.processor.element.AbstractElementTagProcessor.process(AbstractElementTagProcessor.java:95)
	at org.thymeleaf.util.ProcessorConfigurationUtils$ElementTagProcessorWrapper.process(ProcessorConfigurationUtils.java:633)
	at org.thymeleaf.engine.ProcessorTemplateHandler.handleOpenElement(ProcessorTemplateHandler.java:1314)
	at org.thymeleaf.engine.OpenElementTag.beHandled(OpenElementTag.java:205)
	at org.thymeleaf.engine.TemplateModel.process(TemplateModel.java:136)
	at org.thymeleaf.engine.TemplateManager.parseAndProcess(TemplateManager.java:661)
	at org.thymeleaf.TemplateEngine.process(TemplateEngine.java:1103)
	at org.thymeleaf.TemplateEngine.process(TemplateEngine.java:1077)
	at org.thymeleaf.spring5.view.ThymeleafView.renderFragment(ThymeleafView.java:372)
	at org.thymeleaf.spring5.view.ThymeleafView.render(ThymeleafView.java:192)
	at org.springframework.web.servlet.DispatcherServlet.render(DispatcherServlet.java:1376)
	at org.springframework.web.servlet.DispatcherServlet.processDispatchResult(DispatcherServlet.java:1121)
	at org.springframework.web.servlet.DispatcherServlet.doDispatch(DispatcherServlet.java:1060)
	at org.springframework.web.servlet.DispatcherServlet.doService(DispatcherServlet.java:943)
	at org.springframework.web.servlet.FrameworkServlet.processRequest(FrameworkServlet.java:1006)
	at org.springframework.web.servlet.FrameworkServlet.doGet(FrameworkServlet.java:898)
	at javax.servlet.http.HttpServlet.service(HttpServlet.java:670)
	at org.springframework.web.servlet.FrameworkServlet.service(FrameworkServlet.java:883)
	at javax.servlet.http.HttpServlet.service(HttpServlet.java:779)
	at org.apache.catalina.core.ApplicationFilterChain.internalDoFilter(ApplicationFilterChain.java:227)
	at org.apache.catalina.core.ApplicationFilterChain.doFilter(ApplicationFilterChain.java:162)
	at org.springframework.web.filter.HiddenHttpMethodFilter.doFilterInternal(HiddenHttpMethodFilter.java:94)
	at org.springframework.web.filter.OncePerRequestFilter.doFilter(OncePerRequestFilter.java:119)
	at org.apache.catalina.core.ApplicationFilterChain.internalDoFilter(ApplicationFilterChain.java:189)
	at org.apache.catalina.core.ApplicationFilterChain.doFilter(ApplicationFilterChain.java:162)
	at org.springframework.web.filter.CharacterEncodingFilter.doFilterInternal(CharacterEncodingFilter.java:201)
	at org.springframework.web.filter.OncePerRequestFilter.doFilter(OncePerRequestFilter.java:119)
	at org.apache.catalina.core.ApplicationFilterChain.internalDoFilter(ApplicationFilterChain.java:189)
	at org.apache.catalina.core.ApplicationFilterChain.doFilter(ApplicationFilterChain.java:162)
	at org.apache.tomcat.websocket.server.WsFilter.doFilter(WsFilter.java:53)
	at org.apache.catalina.core.ApplicationFilterChain.internalDoFilter(ApplicationFilterChain.java:189)
	at org.apache.catalina.core.ApplicationFilterChain.doFilter(ApplicationFilterChain.java:162)
	at org.apache.catalina.core.StandardWrapperValve.invoke(StandardWrapperValve.java:177)
	at org.apache.catalina.core.StandardContextValve.invoke(StandardContextValve.java:97)
	at org.apache.catalina.authenticator.AuthenticatorBase.invoke(AuthenticatorBase.java:541)
	at org.apache.catalina.core.StandardHostValve.invoke(StandardHostValve.java:135)
	at org.apache.catalina.valves.ErrorReportValve.invoke(ErrorReportValve.java:92)
	at org.apache.catalina.valves.AbstractAccessLogValve.invoke(AbstractAccessLogValve.java:687)
	at org.apache.catalina.core.StandardEngineValve.invoke(StandardEngineValve.java:78)
	at org.apache.catalina.connector.CoyoteAdapter.service(CoyoteAdapter.java:360)
	at org.apache.coyote.http11.Http11Processor.service(Http11Processor.java:399)
	at org.apache.coyote.AbstractProcessorLight.process(AbstractProcessorLight.java:65)
	at org.apache.coyote.AbstractProtocol$ConnectionHandler.process(AbstractProtocol.java:891)
	at org.apache.tomcat.util.net.NioEndpoint$SocketProcessor.doRun(NioEndpoint.java:1784)
	at org.apache.tomcat.util.net.SocketProcessorBase.run(SocketProcessorBase.java:49)
	at org.apache.tomcat.util.threads.ThreadPoolExecutor.runWorker(ThreadPoolExecutor.java:1191)
	at org.apache.tomcat.util.threads.ThreadPoolExecutor$Worker.run(ThreadPoolExecutor.java:659)
	at org.apache.tomcat.util.threads.TaskThread$WrappingRunnable.run(TaskThread.java:61)
	at java.lang.Thread.run(Thread.java:750)
Caused by: org.hibernate.LazyInitializationException: failed to lazily initialize a collection of role: ru.valkerik.spring.models.Person.books, could not initialize proxy - no Session
	at org.hibernate.collection.internal.AbstractPersistentCollection.throwLazyInitializationException(AbstractPersistentCollection.java:614)
	at org.hibernate.collection.internal.AbstractPersistentCollection.withTemporarySessionIfNeeded(AbstractPersistentCollection.java:218)
	at org.hibernate.collection.internal.AbstractPersistentCollection.readSize(AbstractPersistentCollection.java:162)
	at org.hibernate.collection.internal.PersistentBag.isEmpty(PersistentBag.java:376)
	at sun.reflect.NativeMethodAccessorImpl.invoke0(Native Method)
	at sun.reflect.NativeMethodAccessorImpl.invoke(NativeMethodAccessorImpl.java:62)
	at sun.reflect.DelegatingMethodAccessorImpl.invoke(DelegatingMethodAccessorImpl.java:43)
	at java.lang.reflect.Method.invoke(Method.java:498)
	at org.springframework.expression.spel.support.ReflectiveMethodExecutor.execute(ReflectiveMethodExecutor.java:129)
	at org.springframework.expression.spel.ast.MethodReference.getValueInternal(MethodReference.java:139)
	at org.springframework.expression.spel.ast.MethodReference.access$000(MethodReference.java:55)
	at org.springframework.expression.spel.ast.MethodReference$MethodValueRef.getValue(MethodReference.java:387)
	at org.springframework.expression.spel.ast.CompoundExpression.getValueInternal(CompoundExpression.java:92)
	at org.springframework.expression.spel.ast.SpelNodeImpl.getValue(SpelNodeImpl.java:112)
	at org.springframework.expression.spel.standard.SpelExpression.getValue(SpelExpression.java:337)
	at org.thymeleaf.spring5.expression.SPELVariableExpressionEvaluator.evaluate(SPELVariableExpressionEvaluator.java:265)
	... 57 common frames omitted
2023-03-05 19:47:29,213 DEBUG MySpringMVCDispatcherServletInitializer [AbstractContextLoaderInitializer.java:67] No ContextLoaderListener registered, as createRootApplicationContext() did not return an application context
2023-03-05 19:47:29,338 INFO  DispatcherServlet [FrameworkServlet.java:525] Initializing Servlet 'dispatcher'
2023-03-05 19:47:30,711 INFO  Version [Version.java:44] HHH000412: Hibernate ORM core version 5.6.14.Final
2023-03-05 19:47:30,718 INFO  Environment [Environment.java:184] HHH000205: Loaded properties from resource hibernate.properties: {hibernate.connection.username=postgres, hibernate.driver_class=org.postgresql.Driver, hibernate.connection.password=****, hibernate.dialect=org.hibernate.dialect.PostgreSQLDialect, hibernate.show_sql=true, hibernate.connection.url=jdbc:postgresql://localhost:5432/biblio, hibernate.bytecode.use_reflection_optimizer=false, hibernate.current_session_context_class=thread}
2023-03-05 19:47:31,235 INFO  Version [JavaReflectionManager.java:56] HCANN000001: Hibernate Commons Annotations {5.1.2.Final}
2023-03-05 19:47:31,915 INFO  Dialect [Dialect.java:175] HHH000400: Using dialect: org.hibernate.dialect.PostgreSQLDialect
2023-03-05 19:47:32,790 INFO  Version [Version.java:21] HV000001: Hibernate Validator 6.2.0.Final
2023-03-05 19:47:34,277 INFO  JtaPlatformInitiator [JtaPlatformInitiator.java:52] HHH000490: Using JtaPlatform implementation: [org.hibernate.engine.transaction.jta.platform.internal.NoJtaPlatform]
2023-03-05 19:47:35,297 INFO  DispatcherServlet [FrameworkServlet.java:547] Completed initialization in 5957 ms
2023-03-05 19:47:39,829 INFO  PersonDAO [PersonDAO.java:40] getAllPerson
2023-03-05 19:47:42,560 INFO  PersonDAO [PersonDAO.java:48] findPersonById 1
2023-03-05 19:51:06,903 INFO  PersonDAO [PersonDAO.java:40] getAllPerson
2023-03-05 19:51:09,509 INFO  PersonDAO [PersonDAO.java:48] findPersonById 7
2023-03-05 19:51:11,249 INFO  PersonDAO [PersonDAO.java:48] findPersonById 7
2023-03-05 19:51:16,799 INFO  PersonDAO [PersonDAO.java:62] update Person{userId=7, name='Berewer Redactor Urrevicc', date=2003}
2023-03-05 19:51:16,929 INFO  PersonDAO [PersonDAO.java:40] getAllPerson
2023-03-05 19:51:21,738 INFO  BookDAO [BookDAO.java:34] BookDAO.getAllBook
2023-03-05 19:51:24,492 INFO  BookDAO [BookDAO.java:42] BookDAO.findBookById 4
2023-03-05 19:51:24,497 INFO  BookDAO [BookDAO.java:45] BookDAO.findBookById 2 step returned Book{bookId=4, bookName='Программирование для чайников', bookAutor='Шилдт', bookDate=2021}
2023-03-05 19:51:24,638 INFO  PersonDAO [PersonDAO.java:40] getAllPerson
2023-03-05 19:51:31,533 INFO  BookDAO [BookDAO.java:42] BookDAO.findBookById 4
2023-03-05 19:51:31,537 INFO  BookDAO [BookDAO.java:45] BookDAO.findBookById 2 step returned Book{bookId=4, bookName='Программирование для чайников', bookAutor='Шилдт', bookDate=2021}
2023-03-05 20:35:03,886 WARN  DisposableBeanAdapter [DisposableBeanAdapter.java:214] Invocation of destroy method failed on bean with name 'sessionFactory': java.lang.IllegalStateException: java.io.FileNotFoundException: C:\Java\spring_Alishev_Biblio_HW_Hibernate\target\spring_Alishev_Biblio_HW\WEB-INF\lib\annotations-24.0.0.jar (Системе не удается найти указанный путь)
